<?xml version="1.0" encoding="UTF-8"?>
<!-- Generated by org.testng.reporters.JUnitXMLReporter -->
<testsuite ignored="4" hostname="DESKTOP-L9U95KP" failures="0" tests="2" name="Test1" time="30.249" errors="0" timestamp="2025-07-17T22:46:17 IST">
  <testcase classname="TestCase.createCampaign" name="createcampaign" time="3.544"/>
  <testcase classname="TestCase.createCampignStatus" name="createcampaign" time="2.136"/>
  <testcase classname="BaseClass.baseClass" name="@AfterTest aftertest" time="0.0">
    <ignored/>
  </testcase> <!-- @AfterTest aftertest -->
  <testcase classname="BaseClass.baseClass" name="@AfterSuite afterSuite" time="0.0">
    <ignored/>
  </testcase> <!-- @AfterSuite afterSuite -->
  <testcase classname="BaseClass.baseClass" name="@BeforeSuite beforesuite" time="0.0">
    <ignored/>
  </testcase> <!-- @BeforeSuite beforesuite -->
  <testcase classname="BaseClass.baseClass" name="@BeforeTest beforetest" time="0.0">
    <ignored/>
  </testcase> <!-- @BeforeTest beforetest -->
</testsuite> <!-- Test1 -->
