<?xml version="1.0" encoding="UTF-8"?>
<!-- Generated by org.testng.reporters.JUnitXMLReporter -->
<testsuite ignored="4" hostname="DESKTOP-L9U95KP" failures="0" tests="2" name="Test2" time="33.345" errors="0" timestamp="2025-07-17T22:46:20 IST">
  <testcase classname="TestCase.createCampaign" name="createcampaign" time="4.649"/>
  <testcase classname="TestCase.createCampignStatus" name="createcampaign" time="2.351"/>
  <testcase classname="BaseClass.baseClass" name="@BeforeSuite beforesuite" time="0.0">
    <ignored/>
  </testcase> <!-- @BeforeSuite beforesuite -->
  <testcase classname="BaseClass.baseClass" name="@BeforeTest beforetest" time="0.0">
    <ignored/>
  </testcase> <!-- @BeforeTest beforetest -->
  <testcase classname="BaseClass.baseClass" name="@AfterTest aftertest" time="0.0">
    <ignored/>
  </testcase> <!-- @AfterTest aftertest -->
  <testcase classname="BaseClass.baseClass" name="@AfterSuite afterSuite" time="0.0">
    <ignored/>
  </testcase> <!-- @AfterSuite afterSuite -->
</testsuite> <!-- Test2 -->
