<?xml version="1.0" encoding="UTF-8"?>
<testng-results ignored="0" total="3" passed="3" failed="0" skipped="0">
  <reporter-output>
    <line>
      <![CDATA[report configuration]]>
    </line>
    <line>
      <![CDATA[DB Connectivity open]]>
    </line>
  </reporter-output>
  <suite started-at="2025-07-25T08:29:57 IST" name="Surefire suite" finished-at="2025-07-25T08:30:25 IST" duration-ms="28856">
    <groups>
      <group name="Regression">
        <method signature="createCampignStatusTest.createcampaign()[pri:0, instance:TestCase.createCampignStatusTest@3c130745]" name="createcampaign" class="TestCase.createCampignStatusTest"/>
      </group> <!-- Regression -->
      <group name="Smoke">
        <method signature="createCampaignTest.createcampaign()[pri:0, instance:TestCase.createCampaignTest@3d680b5a]" name="createcampaign" class="TestCase.createCampaignTest"/>
      </group> <!-- Smoke -->
    </groups>
    <test started-at="2025-07-25T08:29:57 IST" name="Surefire test" finished-at="2025-07-25T08:30:25 IST" duration-ms="28856">
      <class name="TestCase.createDatePickerTest">
        <test-method is-config="true" signature="beforeclass()[pri:0, instance:TestCase.createDatePickerTest@cd3fee8]" started-at="2025-07-25T08:30:17 IST" name="beforeclass" finished-at="2025-07-25T08:30:19 IST" duration-ms="1624" status="PASS">
          <reporter-output>
          </reporter-output>
        </test-method> <!-- beforeclass -->
        <test-method is-config="true" signature="beforeMethod()[pri:0, instance:TestCase.createDatePickerTest@cd3fee8]" started-at="2025-07-25T08:30:19 IST" name="beforeMethod" finished-at="2025-07-25T08:30:22 IST" duration-ms="2778" status="PASS">
          <reporter-output>
          </reporter-output>
        </test-method> <!-- beforeMethod -->
        <test-method signature="createDatePicker()[pri:0, instance:TestCase.createDatePickerTest@cd3fee8]" started-at="2025-07-25T08:30:22 IST" name="createDatePicker" finished-at="2025-07-25T08:30:24 IST" duration-ms="2159" status="PASS">
          <reporter-output>
          </reporter-output>
        </test-method> <!-- createDatePicker -->
        <test-method is-config="true" signature="aftermethod()[pri:0, instance:TestCase.createDatePickerTest@cd3fee8]" started-at="2025-07-25T08:30:24 IST" name="aftermethod" finished-at="2025-07-25T08:30:25 IST" duration-ms="1341" status="PASS">
          <reporter-output>
          </reporter-output>
        </test-method> <!-- aftermethod -->
        <test-method is-config="true" signature="afterClass()[pri:0, instance:TestCase.createDatePickerTest@cd3fee8]" started-at="2025-07-25T08:30:25 IST" name="afterClass" finished-at="2025-07-25T08:30:25 IST" duration-ms="304" status="PASS">
          <reporter-output>
          </reporter-output>
        </test-method> <!-- afterClass -->
      </class> <!-- TestCase.createDatePickerTest -->
      <class name="TestCase.createCampignStatusTest">
        <test-method is-config="true" signature="beforeclass()[pri:0, instance:TestCase.createCampignStatusTest@3c130745]" started-at="2025-07-25T08:30:09 IST" name="beforeclass" finished-at="2025-07-25T08:30:10 IST" duration-ms="1795" status="PASS">
          <reporter-output>
          </reporter-output>
        </test-method> <!-- beforeclass -->
        <test-method is-config="true" signature="beforeMethod()[pri:0, instance:TestCase.createCampignStatusTest@3c130745]" started-at="2025-07-25T08:30:10 IST" name="beforeMethod" finished-at="2025-07-25T08:30:13 IST" duration-ms="2916" status="PASS">
          <reporter-output>
          </reporter-output>
        </test-method> <!-- beforeMethod -->
        <test-method signature="createcampaign()[pri:0, instance:TestCase.createCampignStatusTest@3c130745]" started-at="2025-07-25T08:30:13 IST" name="createcampaign" finished-at="2025-07-25T08:30:15 IST" duration-ms="2024" status="PASS">
          <reporter-output>
          </reporter-output>
        </test-method> <!-- createcampaign -->
        <test-method is-config="true" signature="aftermethod()[pri:0, instance:TestCase.createCampignStatusTest@3c130745]" started-at="2025-07-25T08:30:15 IST" name="aftermethod" finished-at="2025-07-25T08:30:17 IST" duration-ms="1530" status="PASS">
          <reporter-output>
          </reporter-output>
        </test-method> <!-- aftermethod -->
        <test-method is-config="true" signature="afterClass()[pri:0, instance:TestCase.createCampignStatusTest@3c130745]" started-at="2025-07-25T08:30:17 IST" name="afterClass" finished-at="2025-07-25T08:30:17 IST" duration-ms="314" status="PASS">
          <reporter-output>
          </reporter-output>
        </test-method> <!-- afterClass -->
      </class> <!-- TestCase.createCampignStatusTest -->
      <class name="TestCase.createCampaignTest">
        <test-method is-config="true" signature="beforesuite()[pri:0, instance:TestCase.createCampaignTest@3d680b5a]" started-at="2025-07-25T08:29:56 IST" name="beforesuite" finished-at="2025-07-25T08:29:57 IST" duration-ms="27" status="PASS">
          <reporter-output>
            <line>
              <![CDATA[DB Connectivity open]]>
            </line>
          </reporter-output>
        </test-method> <!-- beforesuite -->
        <test-method is-config="true" signature="beforetest()[pri:0, instance:TestCase.createCampaignTest@3d680b5a]" started-at="2025-07-25T08:29:57 IST" name="beforetest" finished-at="2025-07-25T08:29:57 IST" duration-ms="1" status="PASS">
          <reporter-output>
          </reporter-output>
        </test-method> <!-- beforetest -->
        <test-method is-config="true" signature="beforeclass()[pri:0, instance:TestCase.createCampaignTest@3d680b5a]" started-at="2025-07-25T08:29:57 IST" name="beforeclass" finished-at="2025-07-25T08:29:59 IST" duration-ms="2861" status="PASS">
          <reporter-output>
          </reporter-output>
        </test-method> <!-- beforeclass -->
        <test-method is-config="true" signature="beforeMethod()[pri:0, instance:TestCase.createCampaignTest@3d680b5a]" started-at="2025-07-25T08:29:59 IST" name="beforeMethod" finished-at="2025-07-25T08:30:02 IST" duration-ms="2366" status="PASS">
          <reporter-output>
          </reporter-output>
        </test-method> <!-- beforeMethod -->
        <test-method signature="createcampaign()[pri:0, instance:TestCase.createCampaignTest@3d680b5a]" started-at="2025-07-25T08:30:02 IST" name="createcampaign" finished-at="2025-07-25T08:30:06 IST" duration-ms="4469" status="PASS">
          <reporter-output>
          </reporter-output>
        </test-method> <!-- createcampaign -->
        <test-method is-config="true" signature="aftermethod()[pri:0, instance:TestCase.createCampaignTest@3d680b5a]" started-at="2025-07-25T08:30:06 IST" name="aftermethod" finished-at="2025-07-25T08:30:08 IST" duration-ms="1583" status="PASS">
          <reporter-output>
          </reporter-output>
        </test-method> <!-- aftermethod -->
        <test-method is-config="true" signature="afterClass()[pri:0, instance:TestCase.createCampaignTest@3d680b5a]" started-at="2025-07-25T08:30:08 IST" name="afterClass" finished-at="2025-07-25T08:30:09 IST" duration-ms="622" status="PASS">
          <reporter-output>
          </reporter-output>
        </test-method> <!-- afterClass -->
        <test-method is-config="true" signature="aftertest()[pri:0, instance:TestCase.createCampaignTest@3d680b5a]" started-at="2025-07-25T08:30:25 IST" name="aftertest" finished-at="2025-07-25T08:30:25 IST" duration-ms="1" status="PASS">
          <reporter-output>
          </reporter-output>
        </test-method> <!-- aftertest -->
        <test-method is-config="true" signature="afterSuite()[pri:0, instance:TestCase.createCampaignTest@3d680b5a]" started-at="2025-07-25T08:30:25 IST" name="afterSuite" finished-at="2025-07-25T08:30:25 IST" duration-ms="1" status="PASS">
          <reporter-output>
          </reporter-output>
        </test-method> <!-- afterSuite -->
      </class> <!-- TestCase.createCampaignTest -->
    </test> <!-- Surefire test -->
  </suite> <!-- Surefire suite -->
</testng-results>
